This file contains any messages produced by compilers while
running configure, to aid debugging if configure makes a mistake.

configure:557: checking for a BSD compatible install
configure:610: checking whether build environment is sane
configure:667: checking whether make sets ${MAKE}
configure:713: checking for working aclocal-1.4
configure:726: checking for working autoconf
configure:739: checking for working automake-1.4
configure:752: checking for working autoheader
configure:765: checking for working makeinfo
configure:782: checking for gcc
configure:895: checking whether the C compiler (gcc  ) works
configure:911: gcc -o conftest    conftest.c  1>&5
configure:937: checking whether the C compiler (gcc  ) is a cross-compiler
configure:942: checking whether we are using GNU C
configure:970: checking whether gcc accepts -g
configure:1006: checking for c++
configure:1038: checking whether the C++ compiler (c++  ) works
configure:1054: c++ -o conftest    conftest.C  1>&5
configure:1080: checking whether the C++ compiler (c++  ) is a cross-compiler
configure:1085: checking whether we are using GNU C++
configure:1113: checking whether c++ accepts -g
configure:1163: checking for a BSD compatible install
configure:1216: checking whether make sets ${MAKE}
configure:1247: checking how to run the C preprocessor
configure:1327: checking for ANSI C header files
configure:1434: checking for linux/videodev.h
configure:1472: checking for main in -lncurses
